<?xml version="1.0" encoding="UTF-8"?>
<!-- Generated by org.testng.reporters.JUnitXMLReporter -->
<testsuite ignored="0" hostname="DESKTOP-PTIB81B" failures="1" tests="3" name="logic.PizzaHandlerTest" time="0.088" errors="0" timestamp="03 Apr 2023 09:49:38 GMT">
  <testcase classname="logic.PizzaHandlerTest" name="testUpdatePizza on testUpdatePizza(logic.PizzaHandlerTest)" time="0.035">
    <failure type="java.lang.AssertionError" message="expected:&amp;lt;logic.Pizza@57f23557&amp;gt; but was:&amp;lt;logic.Pizza@3d0f8e03&amp;gt;">
      <![CDATA[java.lang.AssertionError: expected:<logic.Pizza@57f23557> but was:<logic.Pizza@3d0f8e03>
at org.junit.Assert.fail(Assert.java:89)
at org.junit.Assert.failNotEquals(Assert.java:835)
at org.junit.Assert.assertEquals(Assert.java:120)
at org.junit.Assert.assertEquals(Assert.java:146)
at logic.PizzaHandlerTest.testUpdatePizza(PizzaHandlerTest.java:72)
at org.junit.runners.model.FrameworkMethod$1.runReflectiveCall(FrameworkMethod.java:59)
at org.junit.internal.runners.model.ReflectiveCallable.run(ReflectiveCallable.java:12)
at org.junit.runners.model.FrameworkMethod.invokeExplosively(FrameworkMethod.java:56)
at org.junit.internal.runners.statements.InvokeMethod.evaluate(InvokeMethod.java:17)
at org.junit.internal.runners.statements.RunBefores.evaluate(RunBefores.java:26)
at org.junit.internal.runners.statements.RunAfters.evaluate(RunAfters.java:27)
at org.junit.runners.ParentRunner$3.evaluate(ParentRunner.java:306)
at org.junit.runners.BlockJUnit4ClassRunner$1.evaluate(BlockJUnit4ClassRunner.java:100)
at org.junit.runners.ParentRunner.runLeaf(ParentRunner.java:366)
at org.junit.runners.BlockJUnit4ClassRunner.runChild(BlockJUnit4ClassRunner.java:103)
at org.junit.runners.BlockJUnit4ClassRunner.runChild(BlockJUnit4ClassRunner.java:63)
at org.junit.runners.ParentRunner$4.run(ParentRunner.java:331)
at org.junit.runners.ParentRunner$1.schedule(ParentRunner.java:79)
at org.junit.runners.ParentRunner.runChildren(ParentRunner.java:329)
at org.junit.runners.ParentRunner.access$100(ParentRunner.java:66)
at org.junit.runners.ParentRunner$2.evaluate(ParentRunner.java:293)
at org.junit.internal.runners.statements.RunBefores.evaluate(RunBefores.java:26)
at org.junit.internal.runners.statements.RunAfters.evaluate(RunAfters.java:27)
at org.junit.runners.ParentRunner$3.evaluate(ParentRunner.java:306)
at org.junit.runners.ParentRunner.run(ParentRunner.java:413)
at org.junit.runner.JUnitCore.run(JUnitCore.java:137)
at org.junit.runner.JUnitCore.run(JUnitCore.java:115)
... Removed 20 stack frames]]>
    </failure>
  </testcase> <!-- testUpdatePizza on testUpdatePizza(logic.PizzaHandlerTest) -->
  <testcase classname="logic.PizzaHandlerTest" name="testGetPizzaList on testGetPizzaList(logic.PizzaHandlerTest)" time="0.023"/>
  <testcase classname="logic.PizzaHandlerTest" name="testSavePizza on testSavePizza(logic.PizzaHandlerTest)" time="0.0">
    <skipped/>
  </testcase> <!-- testSavePizza on testSavePizza(logic.PizzaHandlerTest) -->
</testsuite> <!-- logic.PizzaHandlerTest -->
